INFO: Scrapy 2.11.1 started (bot: scrape01)
INFO: Versions: lxml 5.2.0.0, libxml2 2.11.7, cssselect 1.2.0, parsel 1.9.0, w3lib 2.1.2, Twisted 24.3.0, Python 3.10.6 (tags/v3.10.6:9c7b4bd, Aug  1 2022, 21:53:49) [MSC v.1932 64 bit (AMD64)], pyOpenSSL 24.1.0 (OpenSSL 3.2.1 30 Jan 2024), cryptography 42.0.5, Platform Windows-10-10.0.19045-SP0
INFO: Enabled addons:
[]
DEBUG: Using selector: SelectSelector
DEBUG: Using reactor: twisted.internet.asyncioreactor.AsyncioSelectorReactor
DEBUG: Using asyncio event loop: asyncio.windows_events._WindowsSelectorEventLoop
INFO: Telnet Password: 96dc805b764f5ad6
INFO: Enabled extensions:
['scrapy.extensions.corestats.CoreStats',
 'scrapy.extensions.telnet.TelnetConsole',
 'scrapy.extensions.logstats.LogStats']
INFO: Overridden settings:
{'BOT_NAME': 'scrape01',
 'FEED_EXPORT_ENCODING': 'utf-8',
 'NEWSPIDER_MODULE': 'scrape01.spiders',
 'REQUEST_FINGERPRINTER_IMPLEMENTATION': '2.7',
 'SPIDER_MODULES': ['scrape01.spiders'],
 'TWISTED_REACTOR': 'twisted.internet.asyncioreactor.AsyncioSelectorReactor',
 'USER_AGENT': 'Mozilla/5.0 (Windows NT 10.0; Win64; x64) AppleWebKit/537.36 '
               '(KHTML, like Gecko) Chrome/119.0.0.0 Safari/537.36'}
INFO: Enabled downloader middlewares:
['scrapy.downloadermiddlewares.httpauth.HttpAuthMiddleware',
 'scrapy.downloadermiddlewares.downloadtimeout.DownloadTimeoutMiddleware',
 'scrapy.downloadermiddlewares.defaultheaders.DefaultHeadersMiddleware',
 'scrapy.downloadermiddlewares.useragent.UserAgentMiddleware',
 'scrapy.downloadermiddlewares.retry.RetryMiddleware',
 'scrapy.downloadermiddlewares.redirect.MetaRefreshMiddleware',
 'scrapy.downloadermiddlewares.httpcompression.HttpCompressionMiddleware',
 'scrapy.downloadermiddlewares.redirect.RedirectMiddleware',
 'scrapy.downloadermiddlewares.cookies.CookiesMiddleware',
 'scrapy.downloadermiddlewares.httpproxy.HttpProxyMiddleware',
 'scrapy.downloadermiddlewares.stats.DownloaderStats']
INFO: Enabled spider middlewares:
['scrapy.spidermiddlewares.httperror.HttpErrorMiddleware',
 'scrapy.spidermiddlewares.offsite.OffsiteMiddleware',
 'scrapy.spidermiddlewares.referer.RefererMiddleware',
 'scrapy.spidermiddlewares.urllength.UrlLengthMiddleware',
 'scrapy.spidermiddlewares.depth.DepthMiddleware']
INFO: Enabled item pipelines:
[]
INFO: Spider opened
INFO: Crawled 0 pages (at 0 pages/min), scraped 0 items (at 0 items/min)
INFO: Telnet console listening on 127.0.0.1:6023
DEBUG: Crawled (200) <GET https://www.noelleeming.co.nz/search?q=&start=0> (referer: None)
DEBUG: Appended to file nl_prod_info.csv
INFO: Closing spider (finished)
INFO: Dumping Scrapy stats:
{'downloader/request_bytes': 315,
 'downloader/request_count': 1,
 'downloader/request_method_count/GET': 1,
 'downloader/response_bytes': 51074,
 'downloader/response_count': 1,
 'downloader/response_status_count/200': 1,
 'elapsed_time_seconds': 0.346717,
 'finish_reason': 'finished',
 'finish_time': datetime.datetime(2024, 4, 7, 13, 19, 49, 957532, tzinfo=datetime.timezone.utc),
 'httpcompression/response_bytes': 386963,
 'httpcompression/response_count': 1,
 'log_count/DEBUG': 5,
 'log_count/INFO': 10,
 'response_received_count': 1,
 'scheduler/dequeued': 1,
 'scheduler/dequeued/memory': 1,
 'scheduler/enqueued': 1,
 'scheduler/enqueued/memory': 1,
 'start_time': datetime.datetime(2024, 4, 7, 13, 19, 49, 610815, tzinfo=datetime.timezone.utc)}
INFO: Spider closed (finished)
